AntiiQ/build/app/intermediates/manifest_merge_blame_file/profile/processProfileMainManifest/manifest-merger-blame-profile-report.txt
1<?xml version="1.0" encoding="utf-8"?>
2<manifest xmlns:android="http://schemas.android.com/apk/res/android"
3    package="com.coleblvck.antiiq"
4    android:versionCode="12"
5    android:versionName="1.4.2" >
6
7    <uses-sdk
8        android:minSdkVersion="21"
9        android:targetSdkVersion="34" />
10    <!--
11         The INTERNET permission is required for development. Specifically,
12         the Flutter tool needs it to communicate with the running application
13         to allow setting breakpoints, to provide hot reload, etc.
14    -->
15    <uses-permission android:name="android.permission.INTERNET" />
15-->src\profile\AndroidManifest.xml:6:5-66
15-->src\profile\AndroidManifest.xml:6:22-64
16    <!-- AUDIO SERVICE -->
17    <uses-permission android:name="android.permission.WAKE_LOCK" />
17-->src\main\AndroidManifest.xml:5:5-67
17-->src\main\AndroidManifest.xml:5:22-65
18    <uses-permission android:name="android.permission.FOREGROUND_SERVICE" /> <!-- ON AUDIO QUERY -->
18-->src\main\AndroidManifest.xml:6:5-76
18-->src\main\AndroidManifest.xml:6:22-74
19    <!-- Android 12 or below -->
20    <uses-permission android:name="android.permission.WRITE_EXTERNAL_STORAGE" />
20-->src\main\AndroidManifest.xml:12:5-80
20-->src\main\AndroidManifest.xml:12:22-78
21    <uses-permission android:name="android.permission.READ_EXTERNAL_STORAGE" />
21-->src\main\AndroidManifest.xml:13:5-79
21-->src\main\AndroidManifest.xml:13:22-77
22    <uses-permission android:name="android.permission.MANAGE_EXTERNAL_STORAGE" /> <!-- Android 13 or greater -->
22-->src\main\AndroidManifest.xml:14:5-81
22-->src\main\AndroidManifest.xml:14:22-79
23    <uses-permission android:name="android.permission.READ_MEDIA_IMAGES" />
23-->src\main\AndroidManifest.xml:17:5-75
23-->src\main\AndroidManifest.xml:17:22-73
24    <uses-permission android:name="android.permission.READ_MEDIA_VIDEO" />
24-->src\main\AndroidManifest.xml:18:5-74
24-->src\main\AndroidManifest.xml:18:22-72
25    <uses-permission android:name="android.permission.READ_MEDIA_AUDIO" />
25-->src\main\AndroidManifest.xml:19:5-74
25-->src\main\AndroidManifest.xml:19:22-72
26
27    <queries>
27-->[androidx.media2:media2-session:1.2.1] AndroidManifest.xml:24:5-34:15
28        <intent>
28-->[androidx.media2:media2-session:1.2.1] AndroidManifest.xml:25:9-27:18
29            <action android:name="android.media.browse.MediaBrowserService" />
29-->[androidx.media2:media2-session:1.2.1] AndroidManifest.xml:26:13-79
29-->[androidx.media2:media2-session:1.2.1] AndroidManifest.xml:26:21-76
30        </intent>
31        <intent>
31-->[androidx.media2:media2-session:1.2.1] AndroidManifest.xml:28:9-30:18
32            <action android:name="androidx.media2.session.MediaSessionService" />
32-->[androidx.media2:media2-session:1.2.1] AndroidManifest.xml:29:13-82
32-->[androidx.media2:media2-session:1.2.1] AndroidManifest.xml:29:21-79
33        </intent>
34        <intent>
34-->[androidx.media2:media2-session:1.2.1] AndroidManifest.xml:31:9-33:18
35            <action android:name="androidx.media2.session.MediaLibraryService" />
35-->[androidx.media2:media2-session:1.2.1] AndroidManifest.xml:32:13-82
35-->[androidx.media2:media2-session:1.2.1] AndroidManifest.xml:32:21-79
36        </intent>
37    </queries>
38
39    <uses-permission android:name="android.permission.ACCESS_NETWORK_STATE" />
39-->[com.google.android.exoplayer:exoplayer-core:2.18.7] AndroidManifest.xml:24:5-79
39-->[com.google.android.exoplayer:exoplayer-core:2.18.7] AndroidManifest.xml:24:22-76
40
41    <permission
41-->[androidx.core:core:1.10.1] AndroidManifest.xml:22:5-24:47
42        android:name="com.coleblvck.antiiq.DYNAMIC_RECEIVER_NOT_EXPORTED_PERMISSION"
42-->[androidx.core:core:1.10.1] AndroidManifest.xml:23:9-81
43        android:protectionLevel="signature" />
43-->[androidx.core:core:1.10.1] AndroidManifest.xml:24:9-44
44
45    <uses-permission android:name="com.coleblvck.antiiq.DYNAMIC_RECEIVER_NOT_EXPORTED_PERMISSION" /> <!-- ... -->
45-->[androidx.core:core:1.10.1] AndroidManifest.xml:26:5-97
45-->[androidx.core:core:1.10.1] AndroidManifest.xml:26:22-94
46    <application
47        android:name="android.app.Application"
48        android:appComponentFactory="androidx.core.app.CoreComponentFactory"
48-->[androidx.core:core:1.10.1] AndroidManifest.xml:28:18-86
49        android:debuggable="true"
50        android:extractNativeLibs="true"
51        android:icon="@mipmap/ic_launcher"
52        android:label="AntiiQ"
53        android:requestLegacyExternalStorage="true" >
54        <activity
55            android:name="com.coleblvck.antiiq.MainActivity"
56            android:configChanges="orientation|keyboardHidden|keyboard|screenSize|smallestScreenSize|locale|layoutDirection|fontScale|screenLayout|density|uiMode"
57            android:exported="true"
58            android:hardwareAccelerated="true"
59            android:launchMode="singleInstance"
60            android:theme="@style/LaunchTheme"
61            android:windowSoftInputMode="adjustResize" >
62
63            <!--
64                 Specifies an Android theme to apply to this Activity as soon as
65                 the Android process has started. This theme is visible to the user
66                 while the Flutter UI initializes. After that, this theme continues
67                 to determine the Window background behind the Flutter UI.
68            -->
69            <meta-data
70                android:name="io.flutter.embedding.android.NormalTheme"
71                android:resource="@style/NormalTheme" />
72
73            <intent-filter>
74                <action android:name="android.intent.action.MAIN" />
75
76                <category android:name="android.intent.category.LAUNCHER" />
77            </intent-filter>
78            <intent-filter>
79                <action android:name="android.intent.action.VIEW" />
80
81                <category android:name="android.intent.category.DEFAULT" />
82                <category android:name="android.intent.category.BROWSABLE" />
83
84                <data android:scheme="content" />
85                <data android:scheme="file" />
86                <data android:mimeType="audio/*" />
87            </intent-filter>
88        </activity>
89        <activity
90            android:name="com.yalantis.ucrop.UCropActivity"
91            android:screenOrientation="portrait"
92            android:theme="@style/Theme.AppCompat.Light.NoActionBar" />
93
94        <!--
95             Don't delete the meta-data below.
96             This is used by the Flutter tool to generate GeneratedPluginRegistrant.java
97        -->
98        <meta-data
99            android:name="flutterEmbedding"
100            android:value="2" />
101
102        <!-- AUDIO SERVICE -->
103
104        <service
105            android:name="com.ryanheise.audioservice.AudioService"
106            android:exported="true"
107            android:foregroundServiceType="mediaPlayback" >
108            <intent-filter>
109                <action android:name="android.media.browse.MediaBrowserService" />
109-->[androidx.media2:media2-session:1.2.1] AndroidManifest.xml:26:13-79
109-->[androidx.media2:media2-session:1.2.1] AndroidManifest.xml:26:21-76
110            </intent-filter>
111        </service>
112
113        <receiver
114            android:name="com.ryanheise.audioservice.MediaButtonReceiver"
115            android:exported="true" >
116            <intent-filter>
117                <action android:name="android.intent.action.MEDIA_BUTTON" />
118            </intent-filter>
119        </receiver>
120
121        <provider
121-->[:image_picker_android] AndroidManifest.xml:9:9-17:20
122            android:name="io.flutter.plugins.imagepicker.ImagePickerFileProvider"
122-->[:image_picker_android] AndroidManifest.xml:10:13-82
123            android:authorities="com.coleblvck.antiiq.flutter.image_provider"
123-->[:image_picker_android] AndroidManifest.xml:11:13-74
124            android:exported="false"
124-->[:image_picker_android] AndroidManifest.xml:12:13-37
125            android:grantUriPermissions="true" >
125-->[:image_picker_android] AndroidManifest.xml:13:13-47
126            <meta-data
126-->[:image_picker_android] AndroidManifest.xml:14:13-16:75
127                android:name="android.support.FILE_PROVIDER_PATHS"
127-->[:image_picker_android] AndroidManifest.xml:15:17-67
128                android:resource="@xml/flutter_image_picker_file_paths" />
128-->[:image_picker_android] AndroidManifest.xml:16:17-72
129        </provider> <!-- Trigger Google Play services to install the backported photo picker module. -->
130        <service
130-->[:image_picker_android] AndroidManifest.xml:19:9-31:19
131            android:name="com.google.android.gms.metadata.ModuleDependencies"
131-->[:image_picker_android] AndroidManifest.xml:20:13-78
132            android:enabled="false"
132-->[:image_picker_android] AndroidManifest.xml:21:13-36
133            android:exported="false" >
133-->[:image_picker_android] AndroidManifest.xml:22:13-37
134            <intent-filter>
134-->[:image_picker_android] AndroidManifest.xml:24:13-26:29
135                <action android:name="com.google.android.gms.metadata.MODULE_DEPENDENCIES" />
135-->[:image_picker_android] AndroidManifest.xml:25:17-94
135-->[:image_picker_android] AndroidManifest.xml:25:25-91
136            </intent-filter>
137
138            <meta-data
138-->[:image_picker_android] AndroidManifest.xml:28:13-30:36
139                android:name="photopicker_activity:0:required"
139-->[:image_picker_android] AndroidManifest.xml:29:17-63
140                android:value="" />
140-->[:image_picker_android] AndroidManifest.xml:30:17-33
141        </service>
142
143        <activity
143-->[:url_launcher_android] AndroidManifest.xml:8:9-11:74
144            android:name="io.flutter.plugins.urllauncher.WebViewActivity"
144-->[:url_launcher_android] AndroidManifest.xml:9:13-74
145            android:exported="false"
145-->[:url_launcher_android] AndroidManifest.xml:10:13-37
146            android:theme="@android:style/Theme.NoTitleBar.Fullscreen" />
146-->[:url_launcher_android] AndroidManifest.xml:11:13-71
147
148        <uses-library
148-->[androidx.window:window:1.0.0-beta04] AndroidManifest.xml:25:9-27:40
149            android:name="androidx.window.extensions"
149-->[androidx.window:window:1.0.0-beta04] AndroidManifest.xml:26:13-54
150            android:required="false" />
150-->[androidx.window:window:1.0.0-beta04] AndroidManifest.xml:27:13-37
151        <uses-library
151-->[androidx.window:window:1.0.0-beta04] AndroidManifest.xml:28:9-30:40
152            android:name="androidx.window.sidecar"
152-->[androidx.window:window:1.0.0-beta04] AndroidManifest.xml:29:13-51
153            android:required="false" />
153-->[androidx.window:window:1.0.0-beta04] AndroidManifest.xml:30:13-37
154
155        <provider
155-->[androidx.emoji2:emoji2:1.2.0] AndroidManifest.xml:24:9-32:20
156            android:name="androidx.startup.InitializationProvider"
156-->[androidx.emoji2:emoji2:1.2.0] AndroidManifest.xml:25:13-67
157            android:authorities="com.coleblvck.antiiq.androidx-startup"
157-->[androidx.emoji2:emoji2:1.2.0] AndroidManifest.xml:26:13-68
158            android:exported="false" >
158-->[androidx.emoji2:emoji2:1.2.0] AndroidManifest.xml:27:13-37
159            <meta-data
159-->[androidx.emoji2:emoji2:1.2.0] AndroidManifest.xml:29:13-31:52
160                android:name="androidx.emoji2.text.EmojiCompatInitializer"
160-->[androidx.emoji2:emoji2:1.2.0] AndroidManifest.xml:30:17-75
161                android:value="androidx.startup" />
161-->[androidx.emoji2:emoji2:1.2.0] AndroidManifest.xml:31:17-49
162            <meta-data
162-->[androidx.lifecycle:lifecycle-process:2.6.1] AndroidManifest.xml:29:13-31:52
163                android:name="androidx.lifecycle.ProcessLifecycleInitializer"
163-->[androidx.lifecycle:lifecycle-process:2.6.1] AndroidManifest.xml:30:17-78
164                android:value="androidx.startup" />
164-->[androidx.lifecycle:lifecycle-process:2.6.1] AndroidManifest.xml:31:17-49
165            <meta-data
165-->[androidx.profileinstaller:profileinstaller:1.3.0] AndroidManifest.xml:29:13-31:52
166                android:name="androidx.profileinstaller.ProfileInstallerInitializer"
166-->[androidx.profileinstaller:profileinstaller:1.3.0] AndroidManifest.xml:30:17-85
167                android:value="androidx.startup" />
167-->[androidx.profileinstaller:profileinstaller:1.3.0] AndroidManifest.xml:31:17-49
168        </provider>
169
170        <receiver
170-->[androidx.profileinstaller:profileinstaller:1.3.0] AndroidManifest.xml:34:9-52:20
171            android:name="androidx.profileinstaller.ProfileInstallReceiver"
171-->[androidx.profileinstaller:profileinstaller:1.3.0] AndroidManifest.xml:35:13-76
172            android:directBootAware="false"
172-->[androidx.profileinstaller:profileinstaller:1.3.0] AndroidManifest.xml:36:13-44
173            android:enabled="true"
173-->[androidx.profileinstaller:profileinstaller:1.3.0] AndroidManifest.xml:37:13-35
174            android:exported="true"
174-->[androidx.profileinstaller:profileinstaller:1.3.0] AndroidManifest.xml:38:13-36
175            android:permission="android.permission.DUMP" >
175-->[androidx.profileinstaller:profileinstaller:1.3.0] AndroidManifest.xml:39:13-57
176            <intent-filter>
176-->[androidx.profileinstaller:profileinstaller:1.3.0] AndroidManifest.xml:40:13-42:29
177                <action android:name="androidx.profileinstaller.action.INSTALL_PROFILE" />
177-->[androidx.profileinstaller:profileinstaller:1.3.0] AndroidManifest.xml:41:17-91
177-->[androidx.profileinstaller:profileinstaller:1.3.0] AndroidManifest.xml:41:25-88
178            </intent-filter>
179            <intent-filter>
179-->[androidx.profileinstaller:profileinstaller:1.3.0] AndroidManifest.xml:43:13-45:29
180                <action android:name="androidx.profileinstaller.action.SKIP_FILE" />
180-->[androidx.profileinstaller:profileinstaller:1.3.0] AndroidManifest.xml:44:17-85
180-->[androidx.profileinstaller:profileinstaller:1.3.0] AndroidManifest.xml:44:25-82
181            </intent-filter>
182            <intent-filter>
182-->[androidx.profileinstaller:profileinstaller:1.3.0] AndroidManifest.xml:46:13-48:29
183                <action android:name="androidx.profileinstaller.action.SAVE_PROFILE" />
183-->[androidx.profileinstaller:profileinstaller:1.3.0] AndroidManifest.xml:47:17-88
183-->[androidx.profileinstaller:profileinstaller:1.3.0] AndroidManifest.xml:47:25-85
184            </intent-filter>
185            <intent-filter>
185-->[androidx.profileinstaller:profileinstaller:1.3.0] AndroidManifest.xml:49:13-51:29
186                <action android:name="androidx.profileinstaller.action.BENCHMARK_OPERATION" />
186-->[androidx.profileinstaller:profileinstaller:1.3.0] AndroidManifest.xml:50:17-95
186-->[androidx.profileinstaller:profileinstaller:1.3.0] AndroidManifest.xml:50:25-92
187            </intent-filter>
188        </receiver>
189    </application>
190
191</manifest>